<?xml version="1.0" encoding="UTF-8"?>
<testng-results ignored="0" total="3" passed="1" failed="2" skipped="0">
  <reporter-output>
  </reporter-output>
  <suite started-at="2023-03-13T07:53:16 GMT-07:00" name="Default suite" finished-at="2023-03-13T07:53:29 GMT-07:00" duration-ms="12835">
    <groups>
    </groups>
    <test started-at="2023-03-13T07:53:16 GMT-07:00" name="Default test" finished-at="2023-03-13T07:53:29 GMT-07:00" duration-ms="12835">
      <class name="com.testng.Amazon_TestNG">
        <test-method is-config="true" signature="setUp()[pri:0, instance:com.testng.Amazon_TestNG@593aaf41]" started-at="2023-03-13T07:53:10 GMT-07:00" name="setUp" finished-at="2023-03-13T07:53:16 GMT-07:00" duration-ms="5841" status="PASS">
          <reporter-output>
          </reporter-output>
        </test-method> <!-- setUp -->
        <test-method is-config="true" signature="browser_Maximize()[pri:0, instance:com.testng.Amazon_TestNG@593aaf41]" started-at="2023-03-13T07:53:16 GMT-07:00" name="browser_Maximize" finished-at="2023-03-13T07:53:16 GMT-07:00" duration-ms="133" status="PASS">
          <reporter-output>
          </reporter-output>
        </test-method> <!-- browser_Maximize -->
        <test-method is-config="true" signature="user_launch_browser()[pri:0, instance:com.testng.Amazon_TestNG@593aaf41]" started-at="2023-03-13T07:53:16 GMT-07:00" name="user_launch_browser" finished-at="2023-03-13T07:53:19 GMT-07:00" duration-ms="2404" status="PASS">
          <reporter-output>
          </reporter-output>
        </test-method> <!-- user_launch_browser -->
        <test-method is-config="true" signature="beforeMethod_Statement()[pri:0, instance:com.testng.Amazon_TestNG@593aaf41]" started-at="2023-03-13T07:53:19 GMT-07:00" name="beforeMethod_Statement" finished-at="2023-03-13T07:53:19 GMT-07:00" duration-ms="1" status="PASS">
          <reporter-output>
          </reporter-output>
        </test-method> <!-- beforeMethod_Statement -->
        <test-method signature="select_from_dropdown()[pri:0, instance:com.testng.Amazon_TestNG@593aaf41]" started-at="2023-03-13T07:53:19 GMT-07:00" name="select_from_dropdown" finished-at="2023-03-13T07:53:19 GMT-07:00" duration-ms="13" status="FAIL">
          <exception class="java.io.FileNotFoundException">
            <message>
              <![CDATA[C:\Users\Tamil\eclipse-workspace\IPT_Project_Amazon\Data_Driven\amazon & flipkart.xlsx (The system cannot find the path specified)]]>
            </message>
            <full-stacktrace>
              <![CDATA[java.io.FileNotFoundException: C:\Users\Tamil\eclipse-workspace\IPT_Project_Amazon\Data_Driven\amazon & flipkart.xlsx (The system cannot find the path specified)
at java.base/java.io.FileInputStream.open0(Native Method)
at java.base/java.io.FileInputStream.open(FileInputStream.java:216)
at java.base/java.io.FileInputStream.<init>(FileInputStream.java:157)
at com.Spt.Febbatch.SPT_Oct_Batch.XLSXReader.singleData(XLSXReader.java:22)
at com.testng.Amazon_TestNG.select_from_dropdown(Amazon_TestNG.java:56)
at java.base/jdk.internal.reflect.NativeMethodAccessorImpl.invoke0(Native Method)
at java.base/jdk.internal.reflect.NativeMethodAccessorImpl.invoke(NativeMethodAccessorImpl.java:77)
at java.base/jdk.internal.reflect.DelegatingMethodAccessorImpl.invoke(DelegatingMethodAccessorImpl.java:43)
at java.base/java.lang.reflect.Method.invoke(Method.java:568)
at org.testng.internal.MethodInvocationHelper.invokeMethod(MethodInvocationHelper.java:133)
at org.testng.internal.TestInvoker.invokeMethod(TestInvoker.java:598)
at org.testng.internal.TestInvoker.invokeTestMethod(TestInvoker.java:173)
at org.testng.internal.MethodRunner.runInSequence(MethodRunner.java:46)
at org.testng.internal.TestInvoker$MethodInvocationAgent.invoke(TestInvoker.java:824)
at org.testng.internal.TestInvoker.invokeTestMethods(TestInvoker.java:146)
at org.testng.internal.TestMethodWorker.invokeTestMethods(TestMethodWorker.java:146)
at org.testng.internal.TestMethodWorker.run(TestMethodWorker.java:128)
at java.base/java.util.ArrayList.forEach(ArrayList.java:1511)
at org.testng.TestRunner.privateRun(TestRunner.java:794)
at org.testng.TestRunner.run(TestRunner.java:596)
at org.testng.SuiteRunner.runTest(SuiteRunner.java:377)
at org.testng.SuiteRunner.runSequentially(SuiteRunner.java:371)
at org.testng.SuiteRunner.privateRun(SuiteRunner.java:332)
at org.testng.SuiteRunner.run(SuiteRunner.java:276)
at org.testng.SuiteRunnerWorker.runSuite(SuiteRunnerWorker.java:53)
at org.testng.SuiteRunnerWorker.run(SuiteRunnerWorker.java:96)
at org.testng.TestNG.runSuitesSequentially(TestNG.java:1212)
at org.testng.TestNG.runSuitesLocally(TestNG.java:1134)
at org.testng.TestNG.runSuites(TestNG.java:1063)
at org.testng.TestNG.run(TestNG.java:1031)
at org.testng.remote.AbstractRemoteTestNG.run(AbstractRemoteTestNG.java:115)
at org.testng.remote.RemoteTestNG.initAndRun(RemoteTestNG.java:251)
at org.testng.remote.RemoteTestNG.main(RemoteTestNG.java:77)
]]>
            </full-stacktrace>
          </exception> <!-- java.io.FileNotFoundException -->
          <reporter-output>
          </reporter-output>
        </test-method> <!-- select_from_dropdown -->
        <test-method is-config="true" signature="afterMethod_Statement()[pri:0, instance:com.testng.Amazon_TestNG@593aaf41]" started-at="2023-03-13T07:53:19 GMT-07:00" name="afterMethod_Statement" finished-at="2023-03-13T07:53:19 GMT-07:00" duration-ms="1" status="PASS">
          <reporter-output>
          </reporter-output>
        </test-method> <!-- afterMethod_Statement -->
        <test-method is-config="true" signature="beforeMethod_Statement()[pri:0, instance:com.testng.Amazon_TestNG@593aaf41]" started-at="2023-03-13T07:53:19 GMT-07:00" name="beforeMethod_Statement" finished-at="2023-03-13T07:53:19 GMT-07:00" duration-ms="0" status="PASS">
          <reporter-output>
          </reporter-output>
        </test-method> <!-- beforeMethod_Statement -->
        <test-method signature="send_the_value()[pri:1, instance:com.testng.Amazon_TestNG@593aaf41]" started-at="2023-03-13T07:53:19 GMT-07:00" name="send_the_value" finished-at="2023-03-13T07:53:19 GMT-07:00" duration-ms="3" status="FAIL">
          <exception class="java.io.FileNotFoundException">
            <message>
              <![CDATA[C:\Users\Tamil\eclipse-workspace\IPT_Project_Amazon\Data_Driven\amazon & flipkart.xlsx (The system cannot find the path specified)]]>
            </message>
            <full-stacktrace>
              <![CDATA[java.io.FileNotFoundException: C:\Users\Tamil\eclipse-workspace\IPT_Project_Amazon\Data_Driven\amazon & flipkart.xlsx (The system cannot find the path specified)
at java.base/java.io.FileInputStream.open0(Native Method)
at java.base/java.io.FileInputStream.open(FileInputStream.java:216)
at java.base/java.io.FileInputStream.<init>(FileInputStream.java:157)
at com.Spt.Febbatch.SPT_Oct_Batch.XLSXReader.singleData(XLSXReader.java:22)
at com.testng.Amazon_TestNG.send_the_value(Amazon_TestNG.java:70)
at java.base/jdk.internal.reflect.NativeMethodAccessorImpl.invoke0(Native Method)
at java.base/jdk.internal.reflect.NativeMethodAccessorImpl.invoke(NativeMethodAccessorImpl.java:77)
at java.base/jdk.internal.reflect.DelegatingMethodAccessorImpl.invoke(DelegatingMethodAccessorImpl.java:43)
at java.base/java.lang.reflect.Method.invoke(Method.java:568)
at org.testng.internal.MethodInvocationHelper.invokeMethod(MethodInvocationHelper.java:133)
at org.testng.internal.TestInvoker.invokeMethod(TestInvoker.java:598)
at org.testng.internal.TestInvoker.invokeTestMethod(TestInvoker.java:173)
at org.testng.internal.MethodRunner.runInSequence(MethodRunner.java:46)
at org.testng.internal.TestInvoker$MethodInvocationAgent.invoke(TestInvoker.java:824)
at org.testng.internal.TestInvoker.invokeTestMethods(TestInvoker.java:146)
at org.testng.internal.TestMethodWorker.invokeTestMethods(TestMethodWorker.java:146)
at org.testng.internal.TestMethodWorker.run(TestMethodWorker.java:128)
at java.base/java.util.ArrayList.forEach(ArrayList.java:1511)
at org.testng.TestRunner.privateRun(TestRunner.java:794)
at org.testng.TestRunner.run(TestRunner.java:596)
at org.testng.SuiteRunner.runTest(SuiteRunner.java:377)
at org.testng.SuiteRunner.runSequentially(SuiteRunner.java:371)
at org.testng.SuiteRunner.privateRun(SuiteRunner.java:332)
at org.testng.SuiteRunner.run(SuiteRunner.java:276)
at org.testng.SuiteRunnerWorker.runSuite(SuiteRunnerWorker.java:53)
at org.testng.SuiteRunnerWorker.run(SuiteRunnerWorker.java:96)
at org.testng.TestNG.runSuitesSequentially(TestNG.java:1212)
at org.testng.TestNG.runSuitesLocally(TestNG.java:1134)
at org.testng.TestNG.runSuites(TestNG.java:1063)
at org.testng.TestNG.run(TestNG.java:1031)
at org.testng.remote.AbstractRemoteTestNG.run(AbstractRemoteTestNG.java:115)
at org.testng.remote.RemoteTestNG.initAndRun(RemoteTestNG.java:251)
at org.testng.remote.RemoteTestNG.main(RemoteTestNG.java:77)
]]>
            </full-stacktrace>
          </exception> <!-- java.io.FileNotFoundException -->
          <reporter-output>
          </reporter-output>
        </test-method> <!-- send_the_value -->
        <test-method is-config="true" signature="afterMethod_Statement()[pri:0, instance:com.testng.Amazon_TestNG@593aaf41]" started-at="2023-03-13T07:53:19 GMT-07:00" name="afterMethod_Statement" finished-at="2023-03-13T07:53:19 GMT-07:00" duration-ms="0" status="PASS">
          <reporter-output>
          </reporter-output>
        </test-method> <!-- afterMethod_Statement -->
        <test-method is-config="true" signature="beforeMethod_Statement()[pri:0, instance:com.testng.Amazon_TestNG@593aaf41]" started-at="2023-03-13T07:53:19 GMT-07:00" name="beforeMethod_Statement" finished-at="2023-03-13T07:53:19 GMT-07:00" duration-ms="1" status="PASS">
          <reporter-output>
          </reporter-output>
        </test-method> <!-- beforeMethod_Statement -->
        <test-method signature="find_the_exact_searchvalue_in_the_suggestion_click()[pri:2, instance:com.testng.Amazon_TestNG@593aaf41]" started-at="2023-03-13T07:53:19 GMT-07:00" name="find_the_exact_searchvalue_in_the_suggestion_click" finished-at="2023-03-13T07:53:29 GMT-07:00" duration-ms="10108" status="PASS">
          <reporter-output>
          </reporter-output>
        </test-method> <!-- find_the_exact_searchvalue_in_the_suggestion_click -->
        <test-method is-config="true" signature="afterMethod_Statement()[pri:0, instance:com.testng.Amazon_TestNG@593aaf41]" started-at="2023-03-13T07:53:29 GMT-07:00" name="afterMethod_Statement" finished-at="2023-03-13T07:53:29 GMT-07:00" duration-ms="4" status="PASS">
          <reporter-output>
          </reporter-output>
        </test-method> <!-- afterMethod_Statement -->
        <test-method is-config="true" signature="afterClassStatement()[pri:0, instance:com.testng.Amazon_TestNG@593aaf41]" started-at="2023-03-13T07:53:29 GMT-07:00" name="afterClassStatement" finished-at="2023-03-13T07:53:29 GMT-07:00" duration-ms="3" status="PASS">
          <reporter-output>
          </reporter-output>
        </test-method> <!-- afterClassStatement -->
        <test-method is-config="true" signature="cookie_delete()[pri:0, instance:com.testng.Amazon_TestNG@593aaf41]" started-at="2023-03-13T07:53:29 GMT-07:00" name="cookie_delete" finished-at="2023-03-13T07:53:29 GMT-07:00" duration-ms="62" status="PASS">
          <reporter-output>
          </reporter-output>
        </test-method> <!-- cookie_delete -->
        <test-method is-config="true" signature="tearDown()[pri:0, instance:com.testng.Amazon_TestNG@593aaf41]" started-at="2023-03-13T07:53:29 GMT-07:00" name="tearDown" finished-at="2023-03-13T07:53:29 GMT-07:00" duration-ms="287" status="PASS">
          <reporter-output>
          </reporter-output>
        </test-method> <!-- tearDown -->
      </class> <!-- com.testng.Amazon_TestNG -->
    </test> <!-- Default test -->
  </suite> <!-- Default suite -->
</testng-results>
